<?xml version="1.0" encoding="UTF-8"?>
<!-- Generated by org.testng.reporters.JUnitReportReporter -->
<testsuite hostname="DESKTOP-UGO6Q74" failures="0" tests="1" name="com.greenkart.AddingProduct" time="21.625" errors="0" timestamp="2021-05-30T16:01:38 IST" skipped="0">
  <testcase classname="com.greenkart.AddingProduct" name="addingSingleProduct" time="21.625"/>
  <system-out/>
</testsuite> <!-- com.greenkart.AddingProduct -->
