<?xml version="1.0" encoding="UTF-8"?>
<!-- Generated by org.testng.reporters.JUnitReportReporter -->
<testsuite hostname="DESKTOP-UGO6Q74" failures="0" tests="1" name="com.greenkart.AddingMultipleProd" time="11.400" errors="0" timestamp="2021-05-30T16:01:38 IST" skipped="0">
  <testcase classname="com.greenkart.AddingMultipleProd" name="addMultipleProducts" time="11.400"/>
  <system-out/>
</testsuite> <!-- com.greenkart.AddingMultipleProd -->
