<?xml version="1.0" encoding="UTF-8"?>
<!-- Generated by org.testng.reporters.JUnitReportReporter -->
<testsuite hostname="DESKTOP-UGO6Q74" failures="0" tests="1" name="com.greenkart.ValidationTests" time="6.075" errors="0" timestamp="2021-05-30T13:44:34 IST" skipped="0">
  <testcase classname="com.greenkart.ValidationTests" name="validTest" time="6.075"/>
  <system-out/>
</testsuite> <!-- com.greenkart.ValidationTests -->
